SpeechBrain system description
==============================
Python version:
3.9.20 (main, Oct  3 2024, 07:27:41) 
[GCC 11.2.0]
==============================
Installed Python packages:
black==24.3.0
Brotli @ file:///croot/brotli-split_1714483155106/work
certifi @ file:///croot/certifi_1725551672989/work/certifi
cfgv==3.4.0
charset-normalizer @ file:///croot/charset-normalizer_1721748349566/work
click==8.1.7
distlib==0.3.9
docstring_parser_fork==0.0.9
exceptiongroup==1.2.2
filelock @ file:///croot/filelock_1700591183607/work
flake8==7.0.0
fsspec==2024.10.0
gmpy2 @ file:///tmp/build/80754af9/gmpy2_1645438755360/work
huggingface-hub==0.26.1
HyperPyYAML==1.2.2
identify==2.6.1
idna @ file:///croot/idna_1714398848350/work
iniconfig==2.0.0
isort==5.13.2
Jinja2 @ file:///croot/jinja2_1716993405101/work
joblib==1.4.2
llvmlite @ file:///croot/llvmlite_1720455102465/work
MarkupSafe @ file:///croot/markupsafe_1704205993651/work
mccabe==0.7.0
mkl-service==2.4.0
mkl_fft @ file:///croot/mkl_fft_1725370245198/work
mkl_random @ file:///croot/mkl_random_1725370241878/work
mpmath @ file:///croot/mpmath_1690848262763/work
mypy-extensions==1.0.0
networkx @ file:///croot/networkx_1717597493534/work
nodeenv==1.9.1
numba @ file:///croot/numba_1720540961817/work
numpy @ file:///croot/numpy_and_numpy_base_1708638617955/work/dist/numpy-1.26.4-cp39-cp39-linux_x86_64.whl#sha256=6094eeedd869502faa0fd0a8c5ad3a70c5779be06ddd1feb7627e5c212fac420
packaging==24.1
pandas==2.2.3
pathspec==0.12.1
pillow @ file:///croot/pillow_1721059439630/work
platformdirs==4.3.6
pluggy==1.5.0
pre_commit==4.0.1
pycodestyle==2.11.0
pydoclint==0.4.1
pyflakes==3.2.0
pygtrie==2.5.0
PySocks @ file:///tmp/build/80754af9/pysocks_1605305812635/work
pytest==7.4.0
python-dateutil==2.9.0.post0
pytz==2024.2
PyYAML @ file:///croot/pyyaml_1728657952215/work
regex==2024.9.11
requests @ file:///croot/requests_1721410876868/work
ruamel.yaml==0.18.6
ruamel.yaml.clib==0.2.12
safetensors==0.4.5
scipy==1.12.0
sentencepiece==0.2.0
six==1.16.0
-e git+https://github.com/speechbrain/speechbrain/@3d2eeee12081c6394c402fed72c70e251a9604f3#egg=speechbrain
sympy==1.13.1
tokenizers==0.20.1
tomli==2.0.2
torch==2.5.0
torchaudio==2.5.0
torchvision==0.20.0
tqdm==4.66.5
transformers==4.46.0
triton==3.1.0
typing_extensions @ file:///croot/typing_extensions_1715268824938/work
tzdata==2024.2
urllib3 @ file:///croot/urllib3_1727769808118/work
virtualenv==20.27.0
yamllint==1.35.1
==============================
Git revision:
3d2eeee12
==============================
CUDA version:
12.4